{"timestamp":"2026-05-28T06:38:18.594Z","actor_id":2,"action":"LOGIN","entity_type":"users","entity_id":2,"details":null}
{"timestamp":"2026-05-28T06:38:32.167Z","actor_id":2,"action":"LOGIN","entity_type":"users","entity_id":2,"details":null}
{"timestamp":"2026-05-28T09:21:22.257Z","actor_id":1,"action":"LOGIN","entity_type":"users","entity_id":1,"details":null}
{"timestamp":"2026-05-28T09:26:19.758Z","actor_id":1,"action":"STATUS_CHANGE","entity_type":"auth","entity_id":null,"details":{"event":"logout"}}
{"timestamp":"2026-05-28T09:32:43.456Z","actor_id":2,"action":"LOGIN","entity_type":"users","entity_id":2,"details":null}
{"timestamp":"2026-05-28T09:32:55.976Z","actor_id":2,"action":"STATUS_CHANGE","entity_type":"auth","entity_id":null,"details":{"event":"logout"}}
{"timestamp":"2026-05-28T09:33:49.958Z","actor_id":3,"action":"CREATE","entity_type":"users","entity_id":3,"details":{"email":"manager@gmail.com"}}
{"timestamp":"2026-05-28T09:34:02.152Z","actor_id":3,"action":"LOGIN","entity_type":"users","entity_id":3,"details":null}
{"timestamp":"2026-05-28T09:34:51.908Z","actor_id":3,"action":"STATUS_CHANGE","entity_type":"auth","entity_id":null,"details":{"event":"logout"}}
{"timestamp":"2026-05-28T09:35:24.447Z","actor_id":4,"action":"CREATE","entity_type":"users","entity_id":4,"details":{"email":"priya@gmail.com"}}
{"timestamp":"2026-05-28T09:35:39.052Z","actor_id":4,"action":"LOGIN","entity_type":"users","entity_id":4,"details":null}
{"timestamp":"2026-05-28T09:35:51.772Z","actor_id":4,"action":"STATUS_CHANGE","entity_type":"auth","entity_id":null,"details":{"event":"logout"}}
{"timestamp":"2026-05-28T09:36:16.833Z","actor_id":5,"action":"CREATE","entity_type":"users","entity_id":5,"details":{"email":"sneha@gmail.com"}}
{"timestamp":"2026-05-28T09:36:30.522Z","actor_id":5,"action":"LOGIN","entity_type":"users","entity_id":5,"details":null}
{"timestamp":"2026-05-28T09:36:33.263Z","actor_id":5,"action":"STATUS_CHANGE","entity_type":"auth","entity_id":null,"details":{"event":"logout"}}
{"timestamp":"2026-05-28T09:38:21.480Z","actor_id":2,"action":"LOGIN","entity_type":"users","entity_id":2,"details":null}
{"timestamp":"2026-05-28T10:01:02.497Z","actor_id":2,"action":"LOGIN","entity_type":"users","entity_id":2,"details":null}
{"timestamp":"2026-05-28T10:39:23.709Z","actor_id":2,"action":"STATUS_CHANGE","entity_type":"auth","entity_id":null,"details":{"event":"logout"}}
{"timestamp":"2026-05-28T10:39:40.721Z","actor_id":1,"action":"LOGIN","entity_type":"users","entity_id":1,"details":null}
{"timestamp":"2026-05-28T10:51:09.357Z","actor_id":1,"action":"STATUS_CHANGE","entity_type":"auth","entity_id":null,"details":{"event":"logout"}}
{"timestamp":"2026-05-28T10:51:41.025Z","actor_id":5,"action":"LOGIN","entity_type":"users","entity_id":5,"details":null}
{"timestamp":"2026-05-28T10:52:04.622Z","actor_id":5,"action":"STATUS_CHANGE","entity_type":"auth","entity_id":null,"details":{"event":"logout"}}
{"timestamp":"2026-05-28T10:52:12.619Z","actor_id":2,"action":"LOGIN","entity_type":"users","entity_id":2,"details":null}
{"timestamp":"2026-05-28T10:58:20.391Z","actor_id":2,"action":"STATUS_CHANGE","entity_type":"auth","entity_id":null,"details":{"event":"logout"}}
{"timestamp":"2026-05-28T10:58:36.061Z","actor_id":2,"action":"LOGIN","entity_type":"users","entity_id":2,"details":null}
{"timestamp":"2026-05-28T11:02:15.739Z","actor_id":2,"action":"STATUS_CHANGE","entity_type":"auth","entity_id":null,"details":{"event":"logout"}}
{"timestamp":"2026-05-28T11:02:27.641Z","actor_id":5,"action":"LOGIN","entity_type":"users","entity_id":5,"details":null}
{"timestamp":"2026-05-28T11:06:05.687Z","actor_id":5,"action":"STATUS_CHANGE","entity_type":"auth","entity_id":null,"details":{"event":"logout"}}
{"timestamp":"2026-05-28T11:06:14.253Z","actor_id":2,"action":"LOGIN","entity_type":"users","entity_id":2,"details":null}
{"timestamp":"2026-05-28T11:06:26.780Z","actor_id":2,"action":"STATUS_CHANGE","entity_type":"auth","entity_id":null,"details":{"event":"logout"}}
{"timestamp":"2026-05-28T11:06:38.875Z","actor_id":5,"action":"LOGIN","entity_type":"users","entity_id":5,"details":null}
{"timestamp":"2026-05-28T12:21:50.199Z","actor_id":5,"action":"STATUS_CHANGE","entity_type":"auth","entity_id":null,"details":{"event":"logout"}}
{"timestamp":"2026-05-28T12:21:58.910Z","actor_id":2,"action":"LOGIN","entity_type":"users","entity_id":2,"details":null}
{"timestamp":"2026-05-28T12:22:43.840Z","actor_id":2,"action":"STATUS_CHANGE","entity_type":"auth","entity_id":null,"details":{"event":"logout"}}
{"timestamp":"2026-05-28T12:22:53.985Z","actor_id":3,"action":"LOGIN","entity_type":"users","entity_id":3,"details":null}
{"timestamp":"2026-05-28T12:34:50.935Z","actor_id":3,"action":"STATUS_CHANGE","entity_type":"auth","entity_id":null,"details":{"event":"logout"}}
{"timestamp":"2026-05-28T12:45:27.833Z","actor_id":1,"action":"LOGIN","entity_type":"users","entity_id":1,"details":null}
{"timestamp":"2026-05-28T12:52:05.639Z","actor_id":1,"action":"STATUS_CHANGE","entity_type":"auth","entity_id":null,"details":{"event":"logout"}}
{"timestamp":"2026-05-28T12:52:13.023Z","actor_id":3,"action":"LOGIN","entity_type":"users","entity_id":3,"details":null}
{"timestamp":"2026-05-28T12:53:43.150Z","actor_id":3,"action":"STATUS_CHANGE","entity_type":"auth","entity_id":null,"details":{"event":"logout"}}
{"timestamp":"2026-05-28T12:55:29.783Z","actor_id":2,"action":"LOGIN","entity_type":"users","entity_id":2,"details":null}
{"timestamp":"2026-05-28T12:55:44.903Z","actor_id":3,"action":"LOGIN","entity_type":"users","entity_id":3,"details":null}
{"timestamp":"2026-05-28T12:57:12.958Z","actor_id":3,"action":"STATUS_CHANGE","entity_type":"auth","entity_id":null,"details":{"event":"logout"}}
{"timestamp":"2026-05-28T12:57:15.970Z","actor_id":1,"action":"LOGIN","entity_type":"users","entity_id":1,"details":null}
{"timestamp":"2026-05-28T12:57:32.250Z","actor_id":1,"action":"STATUS_CHANGE","entity_type":"auth","entity_id":null,"details":{"event":"logout"}}
{"timestamp":"2026-05-28T12:57:36.438Z","actor_id":3,"action":"LOGIN","entity_type":"users","entity_id":3,"details":null}
{"timestamp":"2026-05-28T13:01:14.710Z","actor_id":3,"action":"STATUS_CHANGE","entity_type":"auth","entity_id":null,"details":{"event":"logout"}}
{"timestamp":"2026-05-28T13:01:22.506Z","actor_id":1,"action":"LOGIN","entity_type":"users","entity_id":1,"details":null}
{"timestamp":"2026-05-28T13:01:48.143Z","actor_id":1,"action":"STATUS_CHANGE","entity_type":"auth","entity_id":null,"details":{"event":"logout"}}
{"timestamp":"2026-05-28T13:01:51.109Z","actor_id":5,"action":"LOGIN","entity_type":"users","entity_id":5,"details":null}
{"timestamp":"2026-05-28T13:01:55.697Z","actor_id":5,"action":"STATUS_CHANGE","entity_type":"auth","entity_id":null,"details":{"event":"logout"}}
{"timestamp":"2026-05-28T13:01:58.560Z","actor_id":3,"action":"LOGIN","entity_type":"users","entity_id":3,"details":null}
{"timestamp":"2026-05-28T14:06:06.449Z","actor_id":3,"action":"LOGIN","entity_type":"users","entity_id":3,"details":null}
{"timestamp":"2026-05-28T14:06:48.218Z","actor_id":3,"action":"STATUS_CHANGE","entity_type":"auth","entity_id":null,"details":{"event":"logout"}}
{"timestamp":"2026-05-28T14:06:52.431Z","actor_id":1,"action":"LOGIN","entity_type":"users","entity_id":1,"details":null}
{"timestamp":"2026-05-28T14:06:55.066Z","actor_id":1,"action":"STATUS_CHANGE","entity_type":"auth","entity_id":null,"details":{"event":"logout"}}
{"timestamp":"2026-05-28T14:07:06.163Z","actor_id":5,"action":"LOGIN","entity_type":"users","entity_id":5,"details":null}
{"timestamp":"2026-05-28T14:09:08.685Z","actor_id":5,"action":"STATUS_CHANGE","entity_type":"auth","entity_id":null,"details":{"event":"logout"}}
{"timestamp":"2026-05-28T14:10:52.195Z","actor_id":2,"action":"LOGIN","entity_type":"users","entity_id":2,"details":null}
{"timestamp":"2026-05-28T14:12:41.150Z","actor_id":2,"action":"STATUS_CHANGE","entity_type":"auth","entity_id":null,"details":{"event":"logout"}}
{"timestamp":"2026-05-28T14:12:44.180Z","actor_id":3,"action":"LOGIN","entity_type":"users","entity_id":3,"details":null}
{"timestamp":"2026-05-28T14:13:08.700Z","actor_id":3,"action":"STATUS_CHANGE","entity_type":"auth","entity_id":null,"details":{"event":"logout"}}
{"timestamp":"2026-05-28T14:13:14.782Z","actor_id":1,"action":"LOGIN","entity_type":"users","entity_id":1,"details":null}
{"timestamp":"2026-05-28T14:13:31.375Z","actor_id":1,"action":"STATUS_CHANGE","entity_type":"auth","entity_id":null,"details":{"event":"logout"}}
{"timestamp":"2026-05-28T14:28:30.817Z","actor_id":4,"action":"LOGIN","entity_type":"users","entity_id":4,"details":null}
